[21:31:02.598][CONSTRUCT][CLIENT][INFO] Starting building internal Registries
[21:31:04.727][CONSTRUCT][CLIENT][INFO] The following mods have explicit CraftTweaker support:
'ars_nouveau' at version '1.23.11'
'astralsorcery' at version '1.16.5-1.13.12'
'atum' at version '1.16.5-2.2.8'
'bloodmagic' at version '1.16.4-3.1.5-25'
'botania' at version '1.16.5-419'
'botanypots' at version '7.0.17'
'cagedmobs' at version '1.16.5-1.3.8'
'conjuring' at version '0.2.2'
'crafttweaker' at version '7.1.2.451'
'createtweaker' at version '1.0.0.23'
'cyclic' at version '1.16.5-1.5.8'
'farmersdelight' at version '1.16.5-0.4.6'
'initialinventory' at version '5.0.2.22'
'jaopca' at version '3.4.1.14'
'jeitweaker' at version '1.0.1.35'
'lazierae2' at version '1.1.4'
'owo' at version '0.1.0'
'rootsclassic' at version '1.16.5-1.1.10'
'tconstruct' at version '3.1.3.271'
'thermal' at version '1.3.2'
'thermal_foundation' at version '1.3.2'
[21:31:07.362][CONSTRUCT][CLIENT][INFO] Completed building internal Registries
[21:32:05.908][COMMON_SETUP][CLIENT][INFO] Started loading Scripts for Loader 'setupCommon'!
[21:32:08.954][COMMON_SETUP][CLIENT][INFO] Finished loading Scripts!
[21:36:18.465][DONE][CLIENT][INFO] Started loading Scripts for Loader 'crafttweaker'!
[21:36:18.677][DONE][CLIENT][INFO] Loading file: 'guga.add.zs' with priority: 10
[21:36:18.698][DONE][CLIENT][INFO] Loading file: 'guga.change.zs' with priority: 10
[21:36:18.830][DONE][CLIENT][INFO] Removing Block Transmutation recipes that output <blockstate:minecraft:nether_bricks>
[21:36:18.849][DONE][CLIENT][INFO] Adding "astralsorcery:block_transmutation" recipe, with name: "minecraft:coal" that outputs: <item:minecraft:air>
[21:36:18.850][DONE][CLIENT][INFO] Adding "astralsorcery:block_transmutation" recipe, with name: "minecraft:gold" that outputs: <item:minecraft:air>
[21:36:18.850][DONE][CLIENT][INFO] Adding "astralsorcery:block_transmutation" recipe, with name: "minecraft:iron" that outputs: <item:minecraft:air>
[21:36:18.850][DONE][CLIENT][INFO] Adding "astralsorcery:block_transmutation" recipe, with name: "minecraft:diamond" that outputs: <item:minecraft:air>
[21:36:18.851][DONE][CLIENT][INFO] Adding "astralsorcery:block_transmutation" recipe, with name: "minecraft:emerald" that outputs: <item:minecraft:air>
[21:36:18.851][DONE][CLIENT][INFO] Adding "astralsorcery:block_transmutation" recipe, with name: "minecraft:lapis" that outputs: <item:minecraft:air>
[21:36:18.851][DONE][CLIENT][INFO] Adding "astralsorcery:block_transmutation" recipe, with name: "minecraft:redstone" that outputs: <item:minecraft:air>
[21:36:18.852][DONE][CLIENT][INFO] Adding "astralsorcery:block_transmutation" recipe, with name: "minecraft:quartz" that outputs: <item:minecraft:air>
[21:36:18.852][DONE][CLIENT][INFO] Adding "astralsorcery:block_transmutation" recipe, with name: "minecraft:copper" that outputs: <item:minecraft:air>
[21:36:18.852][DONE][CLIENT][INFO] Removing Block Transmutation recipes that output <blockstate:minecraft:end_stone>
[21:36:18.852][DONE][CLIENT][INFO] Adding "astralsorcery:block_transmutation" recipe, with name: "minecraft:aluminum" that outputs: <item:minecraft:air>
[21:36:18.853][DONE][CLIENT][INFO] Adding "astralsorcery:block_transmutation" recipe, with name: "minecraft:silver" that outputs: <item:minecraft:air>
[21:36:18.853][DONE][CLIENT][INFO] Adding "astralsorcery:block_transmutation" recipe, with name: "minecraft:lead" that outputs: <item:minecraft:air>
[21:36:18.853][DONE][CLIENT][INFO] Adding "astralsorcery:block_transmutation" recipe, with name: "minecraft:nickel" that outputs: <item:minecraft:air>
[21:36:18.854][DONE][CLIENT][INFO] Adding "astralsorcery:block_transmutation" recipe, with name: "minecraft:uranium" that outputs: <item:minecraft:air>
[21:36:18.854][DONE][CLIENT][INFO] Adding "astralsorcery:block_transmutation" recipe, with name: "minecraft:osmium" that outputs: <item:minecraft:air>
[21:36:18.854][DONE][CLIENT][INFO] Adding "astralsorcery:block_transmutation" recipe, with name: "minecraft:tin" that outputs: <item:minecraft:air>
[21:36:18.854][DONE][CLIENT][INFO] Adding "astralsorcery:block_transmutation" recipe, with name: "minecraft:zinc" that outputs: <item:minecraft:air>
[21:36:18.855][DONE][CLIENT][INFO] Adding "astralsorcery:block_transmutation" recipe, with name: "minecraft:cobalt" that outputs: <item:minecraft:air>
[21:36:18.855][DONE][CLIENT][INFO] Adding "astralsorcery:block_transmutation" recipe, with name: "minecraft:certuz1" that outputs: <item:minecraft:air>
[21:36:18.856][DONE][CLIENT][INFO] Adding "astralsorcery:block_transmutation" recipe, with name: "minecraft:certuz2" that outputs: <item:minecraft:air>
[21:36:18.856][DONE][CLIENT][INFO] Adding "astralsorcery:block_transmutation" recipe, with name: "minecraft:ccertuz" that outputs: <item:minecraft:air>
[21:36:18.856][DONE][CLIENT][INFO] Adding "astralsorcery:block_transmutation" recipe, with name: "minecraft:fluorite" that outputs: <item:minecraft:air>
[21:36:18.857][DONE][CLIENT][INFO] Adding "astralsorcery:block_transmutation" recipe, with name: "minecraft:bitumen" that outputs: <item:minecraft:air>
[21:36:18.857][DONE][CLIENT][INFO] Adding "astralsorcery:block_transmutation" recipe, with name: "minecraft:cinnabar" that outputs: <item:minecraft:air>
[21:36:18.857][DONE][CLIENT][INFO] Adding "astralsorcery:block_transmutation" recipe, with name: "minecraft:apatite" that outputs: <item:minecraft:air>
[21:36:18.857][DONE][CLIENT][INFO] Removing Block Transmutation recipes that output <blockstate:minecraft:obsidian>
[21:36:18.858][DONE][CLIENT][INFO] Adding "astralsorcery:block_transmutation" recipe, with name: "minecraft:sulful" that outputs: <item:minecraft:air>
[21:36:18.858][DONE][CLIENT][INFO] Adding "astralsorcery:block_transmutation" recipe, with name: "minecraft:potassium" that outputs: <item:minecraft:air>
[21:36:18.858][DONE][CLIENT][INFO] Adding "astralsorcery:block_transmutation" recipe, with name: "minecraft:arcane" that outputs: <item:minecraft:air>
[21:36:18.859][DONE][CLIENT][INFO] Adding "astralsorcery:block_transmutation" recipe, with name: "minecraft:dimensional" that outputs: <item:minecraft:air>
[21:36:18.874][DONE][CLIENT][INFO] Removing "minecraft:crafting" recipes with output: <item:silentgear:metal_alloyer>"
[21:36:19.080][DONE][CLIENT][INFO] Removing "minecraft:crafting" recipes with output: <item:silentgear:recrystallizer>"
[21:36:19.092][DONE][CLIENT][INFO] Removing "minecraft:crafting" recipes with output: <item:silentgear:refabricator>"
[21:36:19.109][DONE][CLIENT][INFO] Removing "minecraft:crafting" recipes with output: <item:useless_sword:luminious_sword>"
[21:36:19.123][DONE][CLIENT][INFO] Removing "minecraft:crafting" recipes with output: <item:useless_sword:wrought_sword>"
[21:36:19.136][DONE][CLIENT][INFO] Removing "minecraft:crafting" recipes with output: <item:useless_sword:foliaath_sword>"
[21:36:19.149][DONE][CLIENT][INFO] Removing "minecraft:crafting" recipes with output: <item:useless_sword:ferrous_ingot>"
[21:36:19.159][DONE][CLIENT][INFO] Removing "minecraft:crafting" recipes with output: <item:useless_sword:message_in_a_sword>"
[21:36:19.168][DONE][CLIENT][INFO] Removing "minecraft:crafting" recipes with output: <item:useless_sword:neptunium_grab_sword>"
[21:36:19.178][DONE][CLIENT][INFO] Removing "minecraft:crafting" recipes with output: <item:useless_sword:rotten_fish_rapier>"
[21:36:19.190][DONE][CLIENT][INFO] Removing "minecraft:crafting" recipes with output: <item:useless_sword:dimensional_breacher>"
[21:36:19.204][DONE][CLIENT][INFO] Removing "minecraft:crafting" recipes with output: <item:useless_sword:fiery_fossilizer>"
[21:36:19.211][DONE][CLIENT][INFO] Removing "minecraft:crafting" recipes with output: <item:useless_sword:chitin_stinger>"
[21:36:19.219][DONE][CLIENT][INFO] Removing "minecraft:crafting" recipes with output: <item:useless_sword:weed_foil>"
[21:36:19.231][DONE][CLIENT][INFO] Adding "minecraft:crafting" recipe, of type: "shaped", with name: "crafttweaker:41a1cf16-c764-4b96-a3ef-8e627456ce8c" that outputs: <item:useless_sword:claymore_of_the_sea>
[21:36:19.232][DONE][CLIENT][INFO] Adding "minecraft:crafting" recipe, of type: "shaped", with name: "crafttweaker:ea103eef-fe67-4fb6-a2c0-318b753172ef" that outputs: <item:useless_sword:griefer_striker>
[21:36:19.232][DONE][CLIENT][INFO] Adding "minecraft:crafting" recipe, of type: "shaped", with name: "crafttweaker:25db81f8-4212-4cc1-868e-c437faecf248" that outputs: <item:useless_sword:gloomy_shredder>
[21:36:19.233][DONE][CLIENT][INFO] Adding "minecraft:crafting" recipe, of type: "shaped", with name: "crafttweaker:617aacb7-3acf-483f-9f68-206b9bb3602d" that outputs: <item:useless_sword:guster_sword>
[21:36:19.234][DONE][CLIENT][INFO] Adding "minecraft:crafting" recipe, of type: "shaped", with name: "crafttweaker:09f36098-4393-4514-a4b4-e66504c38feb" that outputs: <item:useless_sword:bolloom_sword>
[21:36:19.235][DONE][CLIENT][INFO] Adding "minecraft:crafting" recipe, of type: "shaped", with name: "crafttweaker:19526b6a-82fb-499b-9f16-7682ded6a24d" that outputs: <item:useless_sword:booflo_blade>
[21:36:19.243][DONE][CLIENT][INFO] Adding starting item: <item:gocurrency:currency>.withTag({currency: 5 as byte}) * 5 in slot: -1 in key: money
[21:36:19.246][DONE][CLIENT][INFO] Adding "minecraft:crafting" recipe, of type: "shapeless", with name: "crafttweaker:1" that outputs: <item:gocurrency:currency>.withTag({currency: 0 as byte}) * 5
[21:36:19.247][DONE][CLIENT][INFO] Adding "minecraft:crafting" recipe, of type: "shapeless", with name: "crafttweaker:5" that outputs: <item:gocurrency:currency>.withTag({currency: 1 as byte})
[21:36:19.247][DONE][CLIENT][INFO] Adding "minecraft:crafting" recipe, of type: "shapeless", with name: "crafttweaker:5a" that outputs: <item:gocurrency:currency>.withTag({currency: 1 as byte}) * 2
[21:36:19.247][DONE][CLIENT][INFO] Adding "minecraft:crafting" recipe, of type: "shapeless", with name: "crafttweaker:10" that outputs: <item:gocurrency:currency>.withTag({currency: 2 as byte})
[21:36:19.248][DONE][CLIENT][INFO] Adding "minecraft:crafting" recipe, of type: "shapeless", with name: "crafttweaker:10a" that outputs: <item:gocurrency:currency>.withTag({currency: 2 as byte}) * 2
[21:36:19.248][DONE][CLIENT][INFO] Adding "minecraft:crafting" recipe, of type: "shapeless", with name: "crafttweaker:10b" that outputs: <item:gocurrency:currency>.withTag({currency: 2 as byte}) * 5
[21:36:19.249][DONE][CLIENT][INFO] Adding "minecraft:crafting" recipe, of type: "shapeless", with name: "crafttweaker:20" that outputs: <item:gocurrency:currency>.withTag({currency: 3 as byte})
[21:36:19.249][DONE][CLIENT][INFO] Adding "minecraft:crafting" recipe, of type: "shapeless", with name: "crafttweaker:20a" that outputs: <item:gocurrency:currency>.withTag({currency: 3 as byte})
[21:36:19.249][DONE][CLIENT][INFO] Adding "minecraft:crafting" recipe, of type: "shapeless", with name: "crafttweaker:50" that outputs: <item:gocurrency:currency>.withTag({currency: 4 as byte})
[21:36:19.250][DONE][CLIENT][INFO] Adding "minecraft:crafting" recipe, of type: "shapeless", with name: "crafttweaker:50a" that outputs: <item:gocurrency:currency>.withTag({currency: 4 as byte})
[21:36:19.250][DONE][CLIENT][INFO] Adding "minecraft:crafting" recipe, of type: "shapeless", with name: "crafttweaker:50b" that outputs: <item:gocurrency:currency>.withTag({currency: 4 as byte})
[21:36:19.250][DONE][CLIENT][INFO] Adding "minecraft:crafting" recipe, of type: "shapeless", with name: "crafttweaker:50c" that outputs: <item:gocurrency:currency>.withTag({currency: 4 as byte}) * 2
[21:36:19.251][DONE][CLIENT][INFO] Adding "minecraft:crafting" recipe, of type: "shapeless", with name: "crafttweaker:100" that outputs: <item:gocurrency:currency>.withTag({currency: 5 as byte})
[21:36:19.252][DONE][CLIENT][INFO] Removing "minecraft:crafting" recipes with output: <item:javd:portal_block>"
[21:36:19.261][DONE][CLIENT][INFO] Adding "minecraft:crafting" recipe, of type: "shaped", with name: "crafttweaker:40ee618c-7748-49c2-aeb8-3a75e2580366" that outputs: <item:javd:portal_block>
[21:36:19.261][DONE][CLIENT][INFO] Removing "minecraft:crafting" recipes with output: <item:mining_dimension:teleporter>"
[21:36:19.270][DONE][CLIENT][INFO] Adding "minecraft:crafting" recipe, of type: "shaped", with name: "crafttweaker:45c7dbd0-0c55-4243-a906-c903c83f609d" that outputs: <item:mining_dimension:teleporter>
[21:36:19.270][DONE][CLIENT][INFO] Removing "minecraft:crafting" recipes with output: <item:cagedmobs:mobcage>"
[21:36:19.280][DONE][CLIENT][INFO] Adding "minecraft:crafting" recipe, of type: "shaped", with name: "crafttweaker:6ae467a7-987a-4984-bd87-6598fbb514d8" that outputs: <item:cagedmobs:mobcage>
[21:36:19.280][DONE][CLIENT][INFO] Removing "minecraft:crafting" recipes with output: <item:curios:ring>"
[21:36:19.289][DONE][CLIENT][INFO] Adding "minecraft:crafting" recipe, of type: "shaped", with name: "crafttweaker:6608c17e-f10d-459f-98a8-7aad55dfaac5" that outputs: <item:curios:ring>
[21:36:19.289][DONE][CLIENT][INFO] Removing "minecraft:crafting" recipes with output: <item:doomangelring:itemdoomangelring>"
[21:36:19.298][DONE][CLIENT][INFO] Adding "minecraft:crafting" recipe, of type: "shaped", with name: "crafttweaker:a57a3149-f245-4e11-afbc-4b1ea7585940" that outputs: <item:doomangelring:itemdoomangelring>
[21:36:19.299][DONE][CLIENT][INFO] Removing "minecraft:crafting" recipes with output: <item:forbidden_arcanus:eternal_stella>"
[21:36:19.308][DONE][CLIENT][INFO] Adding "minecraft:crafting" recipe, of type: "shaped", with name: "crafttweaker:1389610e-6a65-4fb3-af6b-49d7739b5406" that outputs: <item:forbidden_arcanus:eternal_stella>
[21:36:19.309][DONE][CLIENT][INFO] Removing "minecraft:crafting" recipes with output: <item:upgradednetherite:ultimate_upgraded_netherite_ingot>"
[21:36:19.323][DONE][CLIENT][INFO] Adding "create:mechanical_crafting" recipe, with name: "crafttweaker:5ba8e973-d6ca-429c-b5c4-b4c433c22f18" that outputs: <item:upgradednetherite:ultimate_upgraded_netherite_ingot>
[21:36:19.323][DONE][CLIENT][INFO] Removing "minecraft:crafting" recipes with output: <item:solarflux:sp_5>"
[21:36:19.333][DONE][CLIENT][INFO] Adding "minecraft:crafting" recipe, of type: "shaped", with name: "crafttweaker:99915319-c044-4534-b92c-e630b95f55cf" that outputs: <item:solarflux:sp_5>
[21:36:19.333][DONE][CLIENT][INFO] Removing "minecraft:crafting" recipes with output: <item:solarflux:sp_6>"
[21:36:19.346][DONE][CLIENT][INFO] Adding "minecraft:crafting" recipe, of type: "shaped", with name: "crafttweaker:ec315d83-b371-446f-b8e4-7dddc31ae432" that outputs: <item:solarflux:sp_6>
[21:36:19.346][DONE][CLIENT][INFO] Removing "minecraft:crafting" recipes with output: <item:solarflux:sp_7>"
[21:36:19.356][DONE][CLIENT][INFO] Adding "minecraft:crafting" recipe, of type: "shaped", with name: "crafttweaker:c1c58d18-5f41-4df9-b71c-594c826b0f20" that outputs: <item:solarflux:sp_7>
[21:36:19.356][DONE][CLIENT][INFO] Removing "minecraft:crafting" recipes with output: <item:solarflux:sp_8>"
[21:36:19.364][DONE][CLIENT][INFO] Adding "minecraft:crafting" recipe, of type: "shaped", with name: "crafttweaker:b11b8b57-b5c9-42dc-befe-cb68879327b1" that outputs: <item:solarflux:sp_8>
[21:36:19.364][DONE][CLIENT][INFO] Removing "minecraft:crafting" recipes with output: <item:powah:reactor_hardened>"
[21:36:19.375][DONE][CLIENT][INFO] Adding "minecraft:crafting" recipe, of type: "shaped", with name: "crafttweaker:4e5c26bb-6c68-4418-af72-5fb6230d3057" that outputs: <item:powah:reactor_hardened>
[21:36:19.375][DONE][CLIENT][INFO] Removing "minecraft:crafting" recipes with output: <item:powah:reactor_blazing>"
[21:36:19.387][DONE][CLIENT][INFO] Adding "minecraft:crafting" recipe, of type: "shaped", with name: "crafttweaker:f2c16b68-9a7c-4b98-a5aa-2418656d9f35" that outputs: <item:powah:reactor_blazing>
[21:36:19.387][DONE][CLIENT][INFO] Removing "minecraft:crafting" recipes with output: <item:powah:reactor_niotic>"
[21:36:19.398][DONE][CLIENT][INFO] Adding "minecraft:crafting" recipe, of type: "shaped", with name: "crafttweaker:f2822545-49f9-4a7f-9528-cba10ce05116" that outputs: <item:powah:reactor_niotic>
[21:36:19.398][DONE][CLIENT][INFO] Removing "minecraft:crafting" recipes with output: <item:powah:reactor_spirited>"
[21:36:19.410][DONE][CLIENT][INFO] Adding "minecraft:crafting" recipe, of type: "shaped", with name: "crafttweaker:a009eb25-c372-4ac8-bf94-42c81f609ec5" that outputs: <item:powah:reactor_spirited>
[21:36:19.410][DONE][CLIENT][INFO] Removing "minecraft:crafting" recipes with output: <item:powah:reactor_nitro>"
[21:36:19.422][DONE][CLIENT][INFO] Adding "minecraft:crafting" recipe, of type: "shaped", with name: "crafttweaker:12a66a55-26c3-4bcf-8a3c-324e3e9017a2" that outputs: <item:powah:reactor_nitro>
[21:36:19.422][DONE][CLIENT][INFO] Finished loading Scripts!
[21:36:19.428][DONE][CLIENT][INFO] This reload was made possible by Psyberition and more! Become a patron at https://patreon.com/jaredlll08?s=crtmod
