[18May2022 01:07:27.991] [Netty Server IO #7/INFO] [codechicken.lib.config.ConfigSyncManager/]: Skipping config sync, No mods have registered a syncable config.
[18May2022 01:07:28.022] [Netty Server IO #7/WARN] [com.connectivity.Connectivity/]: Login payload for Registry minecraft:item is using 21.862% of max allowed vanilla size
[18May2022 01:07:41.905] [Server thread/INFO] [net.minecraftforge.common.AdvancementLoadFix/]: Using new advancement loading for net.minecraft.advancements.PlayerAdvancements@38865cbe
[18May2022 01:07:41.945] [Server thread/INFO] [net.minecraft.server.management.PlayerList/]: MrPrecher[/45.161.82.38:23453] logged in with entity id 1189799 at (1285.3870591591506, 63.0, 181.04533992421545)
[18May2022 01:07:41.961] [Server thread/INFO] [net.minecraft.server.dedicated.DedicatedServer/]: MrPrecher joined the game
[18May2022 01:07:42.036] [Server thread/INFO] [STDERR/]: [net.yezon.theabyss.procedures.ReadConfigFileProcedure:executeProcedure:116]: java.io.FileNotFoundException: config/theabyss2.json (No such file or directory)
[18May2022 01:07:42.037] [Server thread/INFO] [STDERR/]: [net.yezon.theabyss.procedures.ReadConfigFileProcedure:executeProcedure:116]: 	at java.base/java.io.FileInputStream.open0(Native Method)
[18May2022 01:07:42.037] [Server thread/INFO] [STDERR/]: [net.yezon.theabyss.procedures.ReadConfigFileProcedure:executeProcedure:116]: 	at java.base/java.io.FileInputStream.open(FileInputStream.java:219)
[18May2022 01:07:42.037] [Server thread/INFO] [STDERR/]: [net.yezon.theabyss.procedures.ReadConfigFileProcedure:executeProcedure:116]: 	at java.base/java.io.FileInputStream.<init>(FileInputStream.java:157)
[18May2022 01:07:42.037] [Server thread/INFO] [STDERR/]: [net.yezon.theabyss.procedures.ReadConfigFileProcedure:executeProcedure:116]: 	at java.base/java.io.FileReader.<init>(FileReader.java:75)
[18May2022 01:07:42.037] [Server thread/INFO] [STDERR/]: [net.yezon.theabyss.procedures.ReadConfigFileProcedure:executeProcedure:116]: 	at net.yezon.theabyss.procedures.ReadConfigFileProcedure.executeProcedure(ReadConfigFileProcedure.java:50)
[18May2022 01:07:42.037] [Server thread/INFO] [STDERR/]: [net.yezon.theabyss.procedures.ReadConfigFileProcedure:executeProcedure:116]: 	at net.yezon.theabyss.procedures.ReadConfigFileProcedure$GlobalTrigger.onPlayerLoggedIn(ReadConfigFileProcedure.java:36)
[18May2022 01:07:42.037] [Server thread/INFO] [STDERR/]: [net.yezon.theabyss.procedures.ReadConfigFileProcedure:executeProcedure:116]: 	at net.minecraftforge.eventbus.ASMEventHandler_1135_GlobalTrigger_onPlayerLoggedIn_PlayerLoggedInEvent.invoke(.dynamic)
[18May2022 01:07:42.037] [Server thread/INFO] [STDERR/]: [net.yezon.theabyss.procedures.ReadConfigFileProcedure:executeProcedure:116]: 	at net.minecraftforge.eventbus.ASMEventHandler.invoke(ASMEventHandler.java:85)
[18May2022 01:07:42.037] [Server thread/INFO] [STDERR/]: [net.yezon.theabyss.procedures.ReadConfigFileProcedure:executeProcedure:116]: 	at net.minecraftforge.eventbus.EventBus.post(EventBus.java:302)
[18May2022 01:07:42.038] [Server thread/INFO] [STDERR/]: [net.yezon.theabyss.procedures.ReadConfigFileProcedure:executeProcedure:116]: 	at net.minecraftforge.eventbus.EventBus.post(EventBus.java:283)
[18May2022 01:07:42.038] [Server thread/INFO] [STDERR/]: [net.yezon.theabyss.procedures.ReadConfigFileProcedure:executeProcedure:116]: 	at net.minecraftforge.fml.hooks.BasicEventHooks.firePlayerLoggedIn(BasicEventHooks.java:44)
[18May2022 01:07:42.038] [Server thread/INFO] [STDERR/]: [net.yezon.theabyss.procedures.ReadConfigFileProcedure:executeProcedure:116]: 	at net.minecraft.server.management.PlayerList.func_72355_a(PlayerList.java:232)
[18May2022 01:07:42.038] [Server thread/INFO] [STDERR/]: [net.yezon.theabyss.procedures.ReadConfigFileProcedure:executeProcedure:116]: 	at net.minecraft.network.login.ServerLoginNetHandler.func_147326_c(ServerLoginNetHandler.java:118)
[18May2022 01:07:42.038] [Server thread/INFO] [STDERR/]: [net.yezon.theabyss.procedures.ReadConfigFileProcedure:executeProcedure:116]: 	at net.minecraft.network.login.ServerLoginNetHandler.func_73660_a(ServerLoginNetHandler.java:65)
[18May2022 01:07:42.038] [Server thread/INFO] [STDERR/]: [net.yezon.theabyss.procedures.ReadConfigFileProcedure:executeProcedure:116]: 	at net.minecraft.network.NetworkManager.func_74428_b(NetworkManager.java:222)
[18May2022 01:07:42.038] [Server thread/INFO] [STDERR/]: [net.yezon.theabyss.procedures.ReadConfigFileProcedure:executeProcedure:116]: 	at net.minecraft.network.NetworkSystem.func_151269_c(NetworkSystem.java:134)
[18May2022 01:07:42.038] [Server thread/INFO] [STDERR/]: [net.yezon.theabyss.procedures.ReadConfigFileProcedure:executeProcedure:116]: 	at net.minecraft.server.MinecraftServer.func_71190_q(MinecraftServer.java:865)
[18May2022 01:07:42.038] [Server thread/INFO] [STDERR/]: [net.yezon.theabyss.procedures.ReadConfigFileProcedure:executeProcedure:116]: 	at net.minecraft.server.dedicated.DedicatedServer.func_71190_q(DedicatedServer.java:291)
[18May2022 01:07:42.038] [Server thread/INFO] [STDERR/]: [net.yezon.theabyss.procedures.ReadConfigFileProcedure:executeProcedure:116]: 	at net.minecraft.server.MinecraftServer.func_71217_p(MinecraftServer.java:787)
[18May2022 01:07:42.038] [Server thread/INFO] [STDERR/]: [net.yezon.theabyss.procedures.ReadConfigFileProcedure:executeProcedure:116]: 	at net.minecraft.server.MinecraftServer.func_240802_v_(MinecraftServer.java:642)
[18May2022 01:07:42.039] [Server thread/INFO] [STDERR/]: [net.yezon.theabyss.procedures.ReadConfigFileProcedure:executeProcedure:116]: 	at net.minecraft.server.MinecraftServer.func_240783_a_(MinecraftServer.java:232)
[18May2022 01:07:42.039] [Server thread/INFO] [STDERR/]: [net.yezon.theabyss.procedures.ReadConfigFileProcedure:executeProcedure:116]: 	at java.base/java.lang.Thread.run(Thread.java:829)
[18May2022 01:07:42.174] [Netty Server IO #7/ERROR] [net.minecraft.command.arguments.ArgumentTypes/]: Could not serialize chanceCubes.commands.RewardArgument@509efe0e (class chanceCubes.commands.RewardArgument) - will not be sent to client!
[18May2022 01:07:42.174] [Netty Server IO #7/ERROR] [net.minecraft.command.arguments.ArgumentTypes/]: Could not serialize chanceCubes.commands.RewardArgument@1deba7d3 (class chanceCubes.commands.RewardArgument) - will not be sent to client!
[18May2022 01:07:42.174] [Netty Server IO #7/ERROR] [net.minecraft.command.arguments.ArgumentTypes/]: Could not serialize chanceCubes.commands.RewardInfoActionArgument@3ab82209 (class chanceCubes.commands.RewardInfoActionArgument) - will not be sent to client!
[18May2022 01:07:42.174] [Netty Server IO #7/ERROR] [net.minecraft.command.arguments.ArgumentTypes/]: Could not serialize chanceCubes.commands.RewardArgument@70868356 (class chanceCubes.commands.RewardArgument) - will not be sent to client!
[18May2022 01:07:43.271] [Thread-4038/INFO] [chancecubes/]: No custom rewards detected for the current user!
[18May2022 01:08:55.503] [Server thread/INFO] [net.minecraft.network.play.ServerPlayNetHandler/]: MrPrecher lost connection: Disconnected
[18May2022 01:08:55.504] [Server thread/INFO] [net.minecraft.server.dedicated.DedicatedServer/]: MrPrecher left the game
[18May2022 03:53:29.929] [Netty Server IO #7/INFO] [codechicken.lib.config.ConfigSyncManager/]: Skipping config sync, No mods have registered a syncable config.
[18May2022 03:53:29.958] [Netty Server IO #7/WARN] [com.connectivity.Connectivity/]: Login payload for Registry minecraft:item is using 21.862% of max allowed vanilla size
[18May2022 03:53:38.115] [Server thread/INFO] [net.minecraftforge.common.AdvancementLoadFix/]: Using new advancement loading for net.minecraft.advancements.PlayerAdvancements@e911b3
[18May2022 03:53:38.161] [Server thread/INFO] [net.minecraft.server.management.PlayerList/]: Ferdnand21[/177.125.27.46:58903] logged in with entity id 1190223 at (1293.6430575273218, 71.0, 42.56819182864302)
[18May2022 03:53:38.181] [Server thread/INFO] [net.minecraft.server.dedicated.DedicatedServer/]: Ferdnand21 joined the game
[18May2022 03:53:38.256] [Server thread/INFO] [STDERR/]: [net.yezon.theabyss.procedures.ReadConfigFileProcedure:executeProcedure:116]: java.io.FileNotFoundException: config/theabyss2.json (No such file or directory)
[18May2022 03:53:38.257] [Server thread/INFO] [STDERR/]: [net.yezon.theabyss.procedures.ReadConfigFileProcedure:executeProcedure:116]: 	at java.base/java.io.FileInputStream.open0(Native Method)
[18May2022 03:53:38.257] [Server thread/INFO] [STDERR/]: [net.yezon.theabyss.procedures.ReadConfigFileProcedure:executeProcedure:116]: 	at java.base/java.io.FileInputStream.open(FileInputStream.java:219)
[18May2022 03:53:38.257] [Server thread/INFO] [STDERR/]: [net.yezon.theabyss.procedures.ReadConfigFileProcedure:executeProcedure:116]: 	at java.base/java.io.FileInputStream.<init>(FileInputStream.java:157)
[18May2022 03:53:38.257] [Server thread/INFO] [STDERR/]: [net.yezon.theabyss.procedures.ReadConfigFileProcedure:executeProcedure:116]: 	at java.base/java.io.FileReader.<init>(FileReader.java:75)
[18May2022 03:53:38.257] [Server thread/INFO] [STDERR/]: [net.yezon.theabyss.procedures.ReadConfigFileProcedure:executeProcedure:116]: 	at net.yezon.theabyss.procedures.ReadConfigFileProcedure.executeProcedure(ReadConfigFileProcedure.java:50)
[18May2022 03:53:38.257] [Server thread/INFO] [STDERR/]: [net.yezon.theabyss.procedures.ReadConfigFileProcedure:executeProcedure:116]: 	at net.yezon.theabyss.procedures.ReadConfigFileProcedure$GlobalTrigger.onPlayerLoggedIn(ReadConfigFileProcedure.java:36)
[18May2022 03:53:38.257] [Server thread/INFO] [STDERR/]: [net.yezon.theabyss.procedures.ReadConfigFileProcedure:executeProcedure:116]: 	at net.minecraftforge.eventbus.ASMEventHandler_1135_GlobalTrigger_onPlayerLoggedIn_PlayerLoggedInEvent.invoke(.dynamic)
[18May2022 03:53:38.257] [Server thread/INFO] [STDERR/]: [net.yezon.theabyss.procedures.ReadConfigFileProcedure:executeProcedure:116]: 	at net.minecraftforge.eventbus.ASMEventHandler.invoke(ASMEventHandler.java:85)
[18May2022 03:53:38.257] [Server thread/INFO] [STDERR/]: [net.yezon.theabyss.procedures.ReadConfigFileProcedure:executeProcedure:116]: 	at net.minecraftforge.eventbus.EventBus.post(EventBus.java:302)
[18May2022 03:53:38.257] [Server thread/INFO] [STDERR/]: [net.yezon.theabyss.procedures.ReadConfigFileProcedure:executeProcedure:116]: 	at net.minecraftforge.eventbus.EventBus.post(EventBus.java:283)
[18May2022 03:53:38.257] [Server thread/INFO] [STDERR/]: [net.yezon.theabyss.procedures.ReadConfigFileProcedure:executeProcedure:116]: 	at net.minecraftforge.fml.hooks.BasicEventHooks.firePlayerLoggedIn(BasicEventHooks.java:44)
[18May2022 03:53:38.258] [Server thread/INFO] [STDERR/]: [net.yezon.theabyss.procedures.ReadConfigFileProcedure:executeProcedure:116]: 	at net.minecraft.server.management.PlayerList.func_72355_a(PlayerList.java:232)
[18May2022 03:53:38.258] [Server thread/INFO] [STDERR/]: [net.yezon.theabyss.procedures.ReadConfigFileProcedure:executeProcedure:116]: 	at net.minecraft.network.login.ServerLoginNetHandler.func_147326_c(ServerLoginNetHandler.java:118)
[18May2022 03:53:38.258] [Server thread/INFO] [STDERR/]: [net.yezon.theabyss.procedures.ReadConfigFileProcedure:executeProcedure:116]: 	at net.minecraft.network.login.ServerLoginNetHandler.func_73660_a(ServerLoginNetHandler.java:65)
[18May2022 03:53:38.258] [Server thread/INFO] [STDERR/]: [net.yezon.theabyss.procedures.ReadConfigFileProcedure:executeProcedure:116]: 	at net.minecraft.network.NetworkManager.func_74428_b(NetworkManager.java:222)
[18May2022 03:53:38.258] [Server thread/INFO] [STDERR/]: [net.yezon.theabyss.procedures.ReadConfigFileProcedure:executeProcedure:116]: 	at net.minecraft.network.NetworkSystem.func_151269_c(NetworkSystem.java:134)
[18May2022 03:53:38.258] [Server thread/INFO] [STDERR/]: [net.yezon.theabyss.procedures.ReadConfigFileProcedure:executeProcedure:116]: 	at net.minecraft.server.MinecraftServer.func_71190_q(MinecraftServer.java:865)
[18May2022 03:53:38.258] [Server thread/INFO] [STDERR/]: [net.yezon.theabyss.procedures.ReadConfigFileProcedure:executeProcedure:116]: 	at net.minecraft.server.dedicated.DedicatedServer.func_71190_q(DedicatedServer.java:291)
[18May2022 03:53:38.258] [Server thread/INFO] [STDERR/]: [net.yezon.theabyss.procedures.ReadConfigFileProcedure:executeProcedure:116]: 	at net.minecraft.server.MinecraftServer.func_71217_p(MinecraftServer.java:787)
[18May2022 03:53:38.258] [Server thread/INFO] [STDERR/]: [net.yezon.theabyss.procedures.ReadConfigFileProcedure:executeProcedure:116]: 	at net.minecraft.server.MinecraftServer.func_240802_v_(MinecraftServer.java:642)
[18May2022 03:53:38.258] [Server thread/INFO] [STDERR/]: [net.yezon.theabyss.procedures.ReadConfigFileProcedure:executeProcedure:116]: 	at net.minecraft.server.MinecraftServer.func_240783_a_(MinecraftServer.java:232)
[18May2022 03:53:38.258] [Server thread/INFO] [STDERR/]: [net.yezon.theabyss.procedures.ReadConfigFileProcedure:executeProcedure:116]: 	at java.base/java.lang.Thread.run(Thread.java:829)
[18May2022 03:53:38.391] [Netty Server IO #7/ERROR] [net.minecraft.command.arguments.ArgumentTypes/]: Could not serialize chanceCubes.commands.RewardArgument@509efe0e (class chanceCubes.commands.RewardArgument) - will not be sent to client!
[18May2022 03:53:38.391] [Netty Server IO #7/ERROR] [net.minecraft.command.arguments.ArgumentTypes/]: Could not serialize chanceCubes.commands.RewardArgument@1deba7d3 (class chanceCubes.commands.RewardArgument) - will not be sent to client!
[18May2022 03:53:38.391] [Netty Server IO #7/ERROR] [net.minecraft.command.arguments.ArgumentTypes/]: Could not serialize chanceCubes.commands.RewardInfoActionArgument@3ab82209 (class chanceCubes.commands.RewardInfoActionArgument) - will not be sent to client!
[18May2022 03:53:38.392] [Netty Server IO #7/ERROR] [net.minecraft.command.arguments.ArgumentTypes/]: Could not serialize chanceCubes.commands.RewardArgument@70868356 (class chanceCubes.commands.RewardArgument) - will not be sent to client!
[18May2022 03:53:39.500] [Thread-4112/INFO] [chancecubes/]: No custom rewards detected for the current user!
[18May2022 04:42:09.813] [Server thread/WARN] [net.minecraft.network.play.ServerPlayNetHandler/]: Ferdnand21 moved too quickly! -0.1774748065415679,-10.0,0.03522031759413835
[18May2022 04:44:57.518] [Server thread/WARN] [net.minecraft.network.play.ServerPlayNetHandler/]: Ferdnand21 moved too quickly! -0.10562913702574406,10.0,0.1953684348498541
[18May2022 05:16:45.716] [Server thread/WARN] [net.minecraft.server.management.PlayerInteractionManager/]: Mismatch in destroy block pos: BlockPos{x=1296, y=76, z=50} BlockPos{x=1306, y=70, z=43}
[18May2022 05:21:55.657] [Netty Server IO #7/ERROR] [net.minecraft.command.arguments.ArgumentTypes/]: Could not serialize chanceCubes.commands.RewardArgument@509efe0e (class chanceCubes.commands.RewardArgument) - will not be sent to client!
[18May2022 05:21:55.657] [Netty Server IO #7/ERROR] [net.minecraft.command.arguments.ArgumentTypes/]: Could not serialize chanceCubes.commands.RewardArgument@1deba7d3 (class chanceCubes.commands.RewardArgument) - will not be sent to client!
[18May2022 05:21:55.658] [Netty Server IO #7/ERROR] [net.minecraft.command.arguments.ArgumentTypes/]: Could not serialize chanceCubes.commands.RewardInfoActionArgument@3ab82209 (class chanceCubes.commands.RewardInfoActionArgument) - will not be sent to client!
[18May2022 05:21:55.659] [Netty Server IO #7/ERROR] [net.minecraft.command.arguments.ArgumentTypes/]: Could not serialize chanceCubes.commands.RewardArgument@70868356 (class chanceCubes.commands.RewardArgument) - will not be sent to client!
[18May2022 05:23:18.009] [Netty Server IO #7/ERROR] [net.minecraft.command.arguments.ArgumentTypes/]: Could not serialize chanceCubes.commands.RewardArgument@509efe0e (class chanceCubes.commands.RewardArgument) - will not be sent to client!
[18May2022 05:23:18.009] [Netty Server IO #7/ERROR] [net.minecraft.command.arguments.ArgumentTypes/]: Could not serialize chanceCubes.commands.RewardArgument@1deba7d3 (class chanceCubes.commands.RewardArgument) - will not be sent to client!
[18May2022 05:23:18.009] [Netty Server IO #7/ERROR] [net.minecraft.command.arguments.ArgumentTypes/]: Could not serialize chanceCubes.commands.RewardInfoActionArgument@3ab82209 (class chanceCubes.commands.RewardInfoActionArgument) - will not be sent to client!
[18May2022 05:23:18.009] [Netty Server IO #7/ERROR] [net.minecraft.command.arguments.ArgumentTypes/]: Could not serialize chanceCubes.commands.RewardArgument@70868356 (class chanceCubes.commands.RewardArgument) - will not be sent to client!
[18May2022 05:23:36.949] [Server thread/INFO] [STDOUT/]: [net.minecraft.tileentity.AbstractFurnaceTileEntity:getRecipe:597]: net.minecraft.item.crafting.FurnaceRecipe@1dfbe04e
[18May2022 05:26:04.150] [Netty Server IO #7/ERROR] [net.minecraft.command.arguments.ArgumentTypes/]: Could not serialize chanceCubes.commands.RewardArgument@509efe0e (class chanceCubes.commands.RewardArgument) - will not be sent to client!
[18May2022 05:26:04.151] [Netty Server IO #7/ERROR] [net.minecraft.command.arguments.ArgumentTypes/]: Could not serialize chanceCubes.commands.RewardArgument@1deba7d3 (class chanceCubes.commands.RewardArgument) - will not be sent to client!
[18May2022 05:26:04.151] [Netty Server IO #7/ERROR] [net.minecraft.command.arguments.ArgumentTypes/]: Could not serialize chanceCubes.commands.RewardInfoActionArgument@3ab82209 (class chanceCubes.commands.RewardInfoActionArgument) - will not be sent to client!
[18May2022 05:26:04.151] [Netty Server IO #7/ERROR] [net.minecraft.command.arguments.ArgumentTypes/]: Could not serialize chanceCubes.commands.RewardArgument@70868356 (class chanceCubes.commands.RewardArgument) - will not be sent to client!
[18May2022 05:27:17.098] [Netty Server IO #7/ERROR] [net.minecraft.command.arguments.ArgumentTypes/]: Could not serialize chanceCubes.commands.RewardArgument@509efe0e (class chanceCubes.commands.RewardArgument) - will not be sent to client!
[18May2022 05:27:17.098] [Netty Server IO #7/ERROR] [net.minecraft.command.arguments.ArgumentTypes/]: Could not serialize chanceCubes.commands.RewardArgument@1deba7d3 (class chanceCubes.commands.RewardArgument) - will not be sent to client!
[18May2022 05:27:17.098] [Netty Server IO #7/ERROR] [net.minecraft.command.arguments.ArgumentTypes/]: Could not serialize chanceCubes.commands.RewardInfoActionArgument@3ab82209 (class chanceCubes.commands.RewardInfoActionArgument) - will not be sent to client!
[18May2022 05:27:17.098] [Netty Server IO #7/ERROR] [net.minecraft.command.arguments.ArgumentTypes/]: Could not serialize chanceCubes.commands.RewardArgument@70868356 (class chanceCubes.commands.RewardArgument) - will not be sent to client!
[18May2022 05:47:50.451] [Server thread/INFO] [net.minecraft.network.play.ServerPlayNetHandler/]: Ferdnand21 lost connection: Disconnected
[18May2022 05:47:50.451] [Server thread/INFO] [net.minecraft.server.dedicated.DedicatedServer/]: Ferdnand21 left the game
[18May2022 18:47:43.833] [Netty Server IO #2/INFO] [codechicken.lib.config.ConfigSyncManager/]: Skipping config sync, No mods have registered a syncable config.
[18May2022 18:47:43.869] [Netty Server IO #2/WARN] [com.connectivity.Connectivity/]: Login payload for Registry minecraft:item is using 21.862% of max allowed vanilla size
[18May2022 18:47:52.728] [Server thread/INFO] [net.minecraftforge.common.AdvancementLoadFix/]: Using new advancement loading for net.minecraft.advancements.PlayerAdvancements@41938c9f
[18May2022 18:47:52.778] [Server thread/INFO] [net.minecraft.server.management.PlayerList/]: zNuuxx[/45.191.134.44:42769] logged in with entity id 1273369 at (1321.793647016043, 68.0625, 107.93529999085104)
[18May2022 18:47:52.818] [Server thread/INFO] [net.minecraft.server.dedicated.DedicatedServer/]: zNuuxx joined the game
[18May2022 18:47:52.947] [Server thread/INFO] [STDERR/]: [net.yezon.theabyss.procedures.ReadConfigFileProcedure:executeProcedure:116]: java.io.FileNotFoundException: config/theabyss2.json (No such file or directory)
[18May2022 18:47:52.948] [Server thread/INFO] [STDERR/]: [net.yezon.theabyss.procedures.ReadConfigFileProcedure:executeProcedure:116]: 	at java.base/java.io.FileInputStream.open0(Native Method)
[18May2022 18:47:52.948] [Server thread/INFO] [STDERR/]: [net.yezon.theabyss.procedures.ReadConfigFileProcedure:executeProcedure:116]: 	at java.base/java.io.FileInputStream.open(FileInputStream.java:219)
[18May2022 18:47:52.948] [Server thread/INFO] [STDERR/]: [net.yezon.theabyss.procedures.ReadConfigFileProcedure:executeProcedure:116]: 	at java.base/java.io.FileInputStream.<init>(FileInputStream.java:157)
[18May2022 18:47:52.948] [Server thread/INFO] [STDERR/]: [net.yezon.theabyss.procedures.ReadConfigFileProcedure:executeProcedure:116]: 	at java.base/java.io.FileReader.<init>(FileReader.java:75)
[18May2022 18:47:52.948] [Server thread/INFO] [STDERR/]: [net.yezon.theabyss.procedures.ReadConfigFileProcedure:executeProcedure:116]: 	at net.yezon.theabyss.procedures.ReadConfigFileProcedure.executeProcedure(ReadConfigFileProcedure.java:50)
[18May2022 18:47:52.948] [Server thread/INFO] [STDERR/]: [net.yezon.theabyss.procedures.ReadConfigFileProcedure:executeProcedure:116]: 	at net.yezon.theabyss.procedures.ReadConfigFileProcedure$GlobalTrigger.onPlayerLoggedIn(ReadConfigFileProcedure.java:36)
[18May2022 18:47:52.949] [Server thread/INFO] [STDERR/]: [net.yezon.theabyss.procedures.ReadConfigFileProcedure:executeProcedure:116]: 	at net.minecraftforge.eventbus.ASMEventHandler_1135_GlobalTrigger_onPlayerLoggedIn_PlayerLoggedInEvent.invoke(.dynamic)
[18May2022 18:47:52.949] [Server thread/INFO] [STDERR/]: [net.yezon.theabyss.procedures.ReadConfigFileProcedure:executeProcedure:116]: 	at net.minecraftforge.eventbus.ASMEventHandler.invoke(ASMEventHandler.java:85)
[18May2022 18:47:52.949] [Server thread/INFO] [STDERR/]: [net.yezon.theabyss.procedures.ReadConfigFileProcedure:executeProcedure:116]: 	at net.minecraftforge.eventbus.EventBus.post(EventBus.java:302)
[18May2022 18:47:52.949] [Server thread/INFO] [STDERR/]: [net.yezon.theabyss.procedures.ReadConfigFileProcedure:executeProcedure:116]: 	at net.minecraftforge.eventbus.EventBus.post(EventBus.java:283)
[18May2022 18:47:52.949] [Server thread/INFO] [STDERR/]: [net.yezon.theabyss.procedures.ReadConfigFileProcedure:executeProcedure:116]: 	at net.minecraftforge.fml.hooks.BasicEventHooks.firePlayerLoggedIn(BasicEventHooks.java:44)
[18May2022 18:47:52.949] [Server thread/INFO] [STDERR/]: [net.yezon.theabyss.procedures.ReadConfigFileProcedure:executeProcedure:116]: 	at net.minecraft.server.management.PlayerList.func_72355_a(PlayerList.java:232)
[18May2022 18:47:52.949] [Server thread/INFO] [STDERR/]: [net.yezon.theabyss.procedures.ReadConfigFileProcedure:executeProcedure:116]: 	at net.minecraft.network.login.ServerLoginNetHandler.func_147326_c(ServerLoginNetHandler.java:118)
[18May2022 18:47:52.949] [Server thread/INFO] [STDERR/]: [net.yezon.theabyss.procedures.ReadConfigFileProcedure:executeProcedure:116]: 	at net.minecraft.network.login.ServerLoginNetHandler.func_73660_a(ServerLoginNetHandler.java:65)
[18May2022 18:47:52.949] [Server thread/INFO] [STDERR/]: [net.yezon.theabyss.procedures.ReadConfigFileProcedure:executeProcedure:116]: 	at net.minecraft.network.NetworkManager.func_74428_b(NetworkManager.java:222)
[18May2022 18:47:52.949] [Server thread/INFO] [STDERR/]: [net.yezon.theabyss.procedures.ReadConfigFileProcedure:executeProcedure:116]: 	at net.minecraft.network.NetworkSystem.func_151269_c(NetworkSystem.java:134)
[18May2022 18:47:52.949] [Server thread/INFO] [STDERR/]: [net.yezon.theabyss.procedures.ReadConfigFileProcedure:executeProcedure:116]: 	at net.minecraft.server.MinecraftServer.func_71190_q(MinecraftServer.java:865)
[18May2022 18:47:52.950] [Server thread/INFO] [STDERR/]: [net.yezon.theabyss.procedures.ReadConfigFileProcedure:executeProcedure:116]: 	at net.minecraft.server.dedicated.DedicatedServer.func_71190_q(DedicatedServer.java:291)
[18May2022 18:47:52.950] [Server thread/INFO] [STDERR/]: [net.yezon.theabyss.procedures.ReadConfigFileProcedure:executeProcedure:116]: 	at net.minecraft.server.MinecraftServer.func_71217_p(MinecraftServer.java:787)
[18May2022 18:47:52.950] [Server thread/INFO] [STDERR/]: [net.yezon.theabyss.procedures.ReadConfigFileProcedure:executeProcedure:116]: 	at net.minecraft.server.MinecraftServer.func_240802_v_(MinecraftServer.java:642)
[18May2022 18:47:52.950] [Server thread/INFO] [STDERR/]: [net.yezon.theabyss.procedures.ReadConfigFileProcedure:executeProcedure:116]: 	at net.minecraft.server.MinecraftServer.func_240783_a_(MinecraftServer.java:232)
[18May2022 18:47:52.950] [Server thread/INFO] [STDERR/]: [net.yezon.theabyss.procedures.ReadConfigFileProcedure:executeProcedure:116]: 	at java.base/java.lang.Thread.run(Thread.java:829)
[18May2022 18:47:53.065] [Netty Server IO #2/ERROR] [net.minecraft.command.arguments.ArgumentTypes/]: Could not serialize chanceCubes.commands.RewardArgument@509efe0e (class chanceCubes.commands.RewardArgument) - will not be sent to client!
[18May2022 18:47:53.066] [Netty Server IO #2/ERROR] [net.minecraft.command.arguments.ArgumentTypes/]: Could not serialize chanceCubes.commands.RewardArgument@1deba7d3 (class chanceCubes.commands.RewardArgument) - will not be sent to client!
[18May2022 18:47:53.066] [Netty Server IO #2/ERROR] [net.minecraft.command.arguments.ArgumentTypes/]: Could not serialize chanceCubes.commands.RewardInfoActionArgument@3ab82209 (class chanceCubes.commands.RewardInfoActionArgument) - will not be sent to client!
[18May2022 18:47:53.066] [Netty Server IO #2/ERROR] [net.minecraft.command.arguments.ArgumentTypes/]: Could not serialize chanceCubes.commands.RewardArgument@70868356 (class chanceCubes.commands.RewardArgument) - will not be sent to client!
[18May2022 18:47:54.113] [Thread-4522/INFO] [chancecubes/]: No custom rewards detected for the current user!
[18May2022 18:50:58.150] [Server thread/INFO] [net.minecraft.network.play.ServerPlayNetHandler/]: zNuuxx lost connection: Timed out
[18May2022 18:50:58.150] [Server thread/INFO] [net.minecraft.server.dedicated.DedicatedServer/]: zNuuxx left the game
[18May2022 20:00:01.610] [Netty Server IO #6/INFO] [codechicken.lib.config.ConfigSyncManager/]: Skipping config sync, No mods have registered a syncable config.
[18May2022 20:00:01.629] [Netty Server IO #6/WARN] [com.connectivity.Connectivity/]: Login payload for Registry minecraft:item is using 21.862% of max allowed vanilla size
[18May2022 20:00:07.100] [Server thread/INFO] [net.minecraftforge.common.AdvancementLoadFix/]: Using new advancement loading for net.minecraft.advancements.PlayerAdvancements@6806a4b0
[18May2022 20:00:07.119] [Server thread/INFO] [net.minecraft.server.management.PlayerList/]: MrPrecher[/45.161.82.38:24784] logged in with entity id 1275261 at (1290.5, 73.0, 169.5)
[18May2022 20:00:07.131] [Server thread/INFO] [net.minecraft.server.dedicated.DedicatedServer/]: MrPrecher joined the game
[18May2022 20:00:07.166] [Server thread/INFO] [STDERR/]: [net.yezon.theabyss.procedures.ReadConfigFileProcedure:executeProcedure:116]: java.io.FileNotFoundException: config/theabyss2.json (No such file or directory)
[18May2022 20:00:07.166] [Server thread/INFO] [STDERR/]: [net.yezon.theabyss.procedures.ReadConfigFileProcedure:executeProcedure:116]: 	at java.base/java.io.FileInputStream.open0(Native Method)
[18May2022 20:00:07.166] [Server thread/INFO] [STDERR/]: [net.yezon.theabyss.procedures.ReadConfigFileProcedure:executeProcedure:116]: 	at java.base/java.io.FileInputStream.open(FileInputStream.java:219)
[18May2022 20:00:07.166] [Server thread/INFO] [STDERR/]: [net.yezon.theabyss.procedures.ReadConfigFileProcedure:executeProcedure:116]: 	at java.base/java.io.FileInputStream.<init>(FileInputStream.java:157)
[18May2022 20:00:07.166] [Server thread/INFO] [STDERR/]: [net.yezon.theabyss.procedures.ReadConfigFileProcedure:executeProcedure:116]: 	at java.base/java.io.FileReader.<init>(FileReader.java:75)
[18May2022 20:00:07.166] [Server thread/INFO] [STDERR/]: [net.yezon.theabyss.procedures.ReadConfigFileProcedure:executeProcedure:116]: 	at net.yezon.theabyss.procedures.ReadConfigFileProcedure.executeProcedure(ReadConfigFileProcedure.java:50)
[18May2022 20:00:07.166] [Server thread/INFO] [STDERR/]: [net.yezon.theabyss.procedures.ReadConfigFileProcedure:executeProcedure:116]: 	at net.yezon.theabyss.procedures.ReadConfigFileProcedure$GlobalTrigger.onPlayerLoggedIn(ReadConfigFileProcedure.java:36)
[18May2022 20:00:07.167] [Server thread/INFO] [STDERR/]: [net.yezon.theabyss.procedures.ReadConfigFileProcedure:executeProcedure:116]: 	at net.minecraftforge.eventbus.ASMEventHandler_1135_GlobalTrigger_onPlayerLoggedIn_PlayerLoggedInEvent.invoke(.dynamic)
[18May2022 20:00:07.167] [Server thread/INFO] [STDERR/]: [net.yezon.theabyss.procedures.ReadConfigFileProcedure:executeProcedure:116]: 	at net.minecraftforge.eventbus.ASMEventHandler.invoke(ASMEventHandler.java:85)
[18May2022 20:00:07.167] [Server thread/INFO] [STDERR/]: [net.yezon.theabyss.procedures.ReadConfigFileProcedure:executeProcedure:116]: 	at net.minecraftforge.eventbus.EventBus.post(EventBus.java:302)
[18May2022 20:00:07.167] [Server thread/INFO] [STDERR/]: [net.yezon.theabyss.procedures.ReadConfigFileProcedure:executeProcedure:116]: 	at net.minecraftforge.eventbus.EventBus.post(EventBus.java:283)
[18May2022 20:00:07.167] [Server thread/INFO] [STDERR/]: [net.yezon.theabyss.procedures.ReadConfigFileProcedure:executeProcedure:116]: 	at net.minecraftforge.fml.hooks.BasicEventHooks.firePlayerLoggedIn(BasicEventHooks.java:44)
[18May2022 20:00:07.167] [Server thread/INFO] [STDERR/]: [net.yezon.theabyss.procedures.ReadConfigFileProcedure:executeProcedure:116]: 	at net.minecraft.server.management.PlayerList.func_72355_a(PlayerList.java:232)
[18May2022 20:00:07.167] [Server thread/INFO] [STDERR/]: [net.yezon.theabyss.procedures.ReadConfigFileProcedure:executeProcedure:116]: 	at net.minecraft.network.login.ServerLoginNetHandler.func_147326_c(ServerLoginNetHandler.java:118)
[18May2022 20:00:07.167] [Server thread/INFO] [STDERR/]: [net.yezon.theabyss.procedures.ReadConfigFileProcedure:executeProcedure:116]: 	at net.minecraft.network.login.ServerLoginNetHandler.func_73660_a(ServerLoginNetHandler.java:65)
[18May2022 20:00:07.167] [Server thread/INFO] [STDERR/]: [net.yezon.theabyss.procedures.ReadConfigFileProcedure:executeProcedure:116]: 	at net.minecraft.network.NetworkManager.func_74428_b(NetworkManager.java:222)
[18May2022 20:00:07.167] [Server thread/INFO] [STDERR/]: [net.yezon.theabyss.procedures.ReadConfigFileProcedure:executeProcedure:116]: 	at net.minecraft.network.NetworkSystem.func_151269_c(NetworkSystem.java:134)
[18May2022 20:00:07.167] [Server thread/INFO] [STDERR/]: [net.yezon.theabyss.procedures.ReadConfigFileProcedure:executeProcedure:116]: 	at net.minecraft.server.MinecraftServer.func_71190_q(MinecraftServer.java:865)
[18May2022 20:00:07.168] [Server thread/INFO] [STDERR/]: [net.yezon.theabyss.procedures.ReadConfigFileProcedure:executeProcedure:116]: 	at net.minecraft.server.dedicated.DedicatedServer.func_71190_q(DedicatedServer.java:291)
[18May2022 20:00:07.168] [Server thread/INFO] [STDERR/]: [net.yezon.theabyss.procedures.ReadConfigFileProcedure:executeProcedure:116]: 	at net.minecraft.server.MinecraftServer.func_71217_p(MinecraftServer.java:787)
[18May2022 20:00:07.168] [Server thread/INFO] [STDERR/]: [net.yezon.theabyss.procedures.ReadConfigFileProcedure:executeProcedure:116]: 	at net.minecraft.server.MinecraftServer.func_240802_v_(MinecraftServer.java:642)
[18May2022 20:00:07.168] [Server thread/INFO] [STDERR/]: [net.yezon.theabyss.procedures.ReadConfigFileProcedure:executeProcedure:116]: 	at net.minecraft.server.MinecraftServer.func_240783_a_(MinecraftServer.java:232)
[18May2022 20:00:07.168] [Server thread/INFO] [STDERR/]: [net.yezon.theabyss.procedures.ReadConfigFileProcedure:executeProcedure:116]: 	at java.base/java.lang.Thread.run(Thread.java:829)
[18May2022 20:00:07.296] [Netty Server IO #6/ERROR] [net.minecraft.command.arguments.ArgumentTypes/]: Could not serialize chanceCubes.commands.RewardArgument@509efe0e (class chanceCubes.commands.RewardArgument) - will not be sent to client!
[18May2022 20:00:07.296] [Netty Server IO #6/ERROR] [net.minecraft.command.arguments.ArgumentTypes/]: Could not serialize chanceCubes.commands.RewardArgument@1deba7d3 (class chanceCubes.commands.RewardArgument) - will not be sent to client!
[18May2022 20:00:07.296] [Netty Server IO #6/ERROR] [net.minecraft.command.arguments.ArgumentTypes/]: Could not serialize chanceCubes.commands.RewardInfoActionArgument@3ab82209 (class chanceCubes.commands.RewardInfoActionArgument) - will not be sent to client!
[18May2022 20:00:07.296] [Netty Server IO #6/ERROR] [net.minecraft.command.arguments.ArgumentTypes/]: Could not serialize chanceCubes.commands.RewardArgument@70868356 (class chanceCubes.commands.RewardArgument) - will not be sent to client!
[18May2022 20:00:08.442] [Thread-4557/INFO] [chancecubes/]: No custom rewards detected for the current user!
[18May2022 20:38:37.204] [Server thread/INFO] [net.minecraft.network.play.ServerPlayNetHandler/]: MrPrecher lost connection: Disconnected
[18May2022 20:38:37.205] [Server thread/INFO] [net.minecraft.server.dedicated.DedicatedServer/]: MrPrecher left the game
[18May2022 20:38:59.434] [Server thread/INFO] [net.minecraft.server.dedicated.DedicatedServer/]: Stopping the server
[18May2022 20:38:59.482] [Server thread/INFO] [net.minecraft.server.MinecraftServer/]: Stopping server
[18May2022 20:38:59.483] [Server thread/INFO] [net.minecraft.server.MinecraftServer/]: Saving players
[18May2022 20:38:59.484] [Server thread/INFO] [net.minecraft.server.MinecraftServer/]: Saving worlds
[18May2022 20:38:59.484] [Server thread/INFO] [net.minecraft.server.MinecraftServer/]: Saving chunks for level 'ServerLevel[Servero]'/minecraft:overworld
[18May2022 20:39:00.809] [Server thread/INFO] [net.minecraft.world.server.ChunkManager/]: ThreadedAnvilChunkStorage (Servero): All chunks are saved
[18May2022 20:39:00.810] [Server thread/INFO] [net.minecraft.server.MinecraftServer/]: Saving chunks for level 'ServerLevel[Servero]'/minecraft:the_nether
[18May2022 20:39:00.811] [Server thread/INFO] [net.minecraft.world.server.ChunkManager/]: ThreadedAnvilChunkStorage (DIM-1): All chunks are saved
[18May2022 20:39:00.812] [Server thread/INFO] [net.minecraft.server.MinecraftServer/]: Saving chunks for level 'ServerLevel[Servero]'/minecraft:the_end
[18May2022 20:39:00.813] [Server thread/INFO] [net.minecraft.world.server.ChunkManager/]: ThreadedAnvilChunkStorage (DIM1): All chunks are saved
[18May2022 20:39:00.813] [Server thread/INFO] [net.minecraft.server.MinecraftServer/]: Saving chunks for level 'ServerLevel[Servero]'/theabyss:dream
[18May2022 20:39:00.814] [Server thread/INFO] [net.minecraft.world.server.ChunkManager/]: ThreadedAnvilChunkStorage (dream): All chunks are saved
[18May2022 20:39:00.814] [Server thread/INFO] [net.minecraft.server.MinecraftServer/]: Saving chunks for level 'ServerLevel[Servero]'/theabyss:frost_world
[18May2022 20:39:00.815] [Server thread/INFO] [net.minecraft.world.server.ChunkManager/]: ThreadedAnvilChunkStorage (frost_world): All chunks are saved
[18May2022 20:39:00.815] [Server thread/INFO] [net.minecraft.server.MinecraftServer/]: Saving chunks for level 'ServerLevel[Servero]'/theabyss:ground_lands
[18May2022 20:39:00.815] [Server thread/INFO] [net.minecraft.world.server.ChunkManager/]: ThreadedAnvilChunkStorage (ground_lands): All chunks are saved
[18May2022 20:39:00.816] [Server thread/INFO] [net.minecraft.server.MinecraftServer/]: Saving chunks for level 'ServerLevel[Servero]'/boss_tools:mars
[18May2022 20:39:00.816] [Server thread/INFO] [net.minecraft.world.server.ChunkManager/]: ThreadedAnvilChunkStorage (mars): All chunks are saved
[18May2022 20:39:00.816] [Server thread/INFO] [net.minecraft.server.MinecraftServer/]: Saving chunks for level 'ServerLevel[Servero]'/boss_tools:mars_orbit
[18May2022 20:39:00.817] [Server thread/INFO] [net.minecraft.world.server.ChunkManager/]: ThreadedAnvilChunkStorage (mars_orbit): All chunks are saved
[18May2022 20:39:00.817] [Server thread/INFO] [net.minecraft.server.MinecraftServer/]: Saving chunks for level 'ServerLevel[Servero]'/boss_tools:mercury
[18May2022 20:39:00.818] [Server thread/INFO] [net.minecraft.world.server.ChunkManager/]: ThreadedAnvilChunkStorage (mercury): All chunks are saved
[18May2022 20:39:00.818] [Server thread/INFO] [net.minecraft.server.MinecraftServer/]: Saving chunks for level 'ServerLevel[Servero]'/boss_tools:mercury_orbit
[18May2022 20:39:00.819] [Server thread/INFO] [net.minecraft.world.server.ChunkManager/]: ThreadedAnvilChunkStorage (mercury_orbit): All chunks are saved
[18May2022 20:39:00.819] [Server thread/INFO] [net.minecraft.server.MinecraftServer/]: Saving chunks for level 'ServerLevel[Servero]'/boss_tools:moon
[18May2022 20:39:00.819] [Server thread/INFO] [net.minecraft.world.server.ChunkManager/]: ThreadedAnvilChunkStorage (moon): All chunks are saved
[18May2022 20:39:00.820] [Server thread/INFO] [net.minecraft.server.MinecraftServer/]: Saving chunks for level 'ServerLevel[Servero]'/boss_tools:moon_orbit
[18May2022 20:39:00.820] [Server thread/INFO] [net.minecraft.world.server.ChunkManager/]: ThreadedAnvilChunkStorage (moon_orbit): All chunks are saved
[18May2022 20:39:00.820] [Server thread/INFO] [net.minecraft.server.MinecraftServer/]: Saving chunks for level 'ServerLevel[Servero]'/boss_tools:overworld_orbit
[18May2022 20:39:00.821] [Server thread/INFO] [net.minecraft.world.server.ChunkManager/]: ThreadedAnvilChunkStorage (overworld_orbit): All chunks are saved
[18May2022 20:39:00.821] [Server thread/INFO] [net.minecraft.server.MinecraftServer/]: Saving chunks for level 'ServerLevel[Servero]'/theabyss:pocket_dimension
[18May2022 20:39:00.822] [Server thread/INFO] [net.minecraft.world.server.ChunkManager/]: ThreadedAnvilChunkStorage (pocket_dimension): All chunks are saved
[18May2022 20:39:00.824] [Server thread/INFO] [net.minecraft.server.MinecraftServer/]: Saving chunks for level 'ServerLevel[Servero]'/theabyss:radio
[18May2022 20:39:00.829] [Server thread/INFO] [net.minecraft.world.server.ChunkManager/]: ThreadedAnvilChunkStorage (radio): All chunks are saved
[18May2022 20:39:00.829] [Server thread/INFO] [net.minecraft.server.MinecraftServer/]: Saving chunks for level 'ServerLevel[Servero]'/theabyss:the_abyss
[18May2022 20:39:00.830] [Server thread/INFO] [net.minecraft.world.server.ChunkManager/]: ThreadedAnvilChunkStorage (the_abyss): All chunks are saved
[18May2022 20:39:00.831] [Server thread/INFO] [net.minecraft.server.MinecraftServer/]: Saving chunks for level 'ServerLevel[Servero]'/boss_tools:venus
[18May2022 20:39:00.832] [Server thread/INFO] [net.minecraft.world.server.ChunkManager/]: ThreadedAnvilChunkStorage (venus): All chunks are saved
[18May2022 20:39:00.832] [Server thread/INFO] [net.minecraft.server.MinecraftServer/]: Saving chunks for level 'ServerLevel[Servero]'/boss_tools:venus_orbit
[18May2022 20:39:00.833] [Server thread/INFO] [net.minecraft.world.server.ChunkManager/]: ThreadedAnvilChunkStorage (venus_orbit): All chunks are saved
[18May2022 20:39:00.877] [Server thread/INFO] [net.minecraft.world.server.ChunkManager/]: ThreadedAnvilChunkStorage (Servero): All chunks are saved
[18May2022 20:39:00.994] [Server thread/INFO] [net.minecraft.world.server.ChunkManager/]: ThreadedAnvilChunkStorage (DIM-1): All chunks are saved
[18May2022 20:39:01.023] [Server thread/INFO] [net.minecraft.world.server.ChunkManager/]: ThreadedAnvilChunkStorage (DIM1): All chunks are saved
[18May2022 20:39:01.024] [Server thread/INFO] [net.minecraft.world.server.ChunkManager/]: ThreadedAnvilChunkStorage (dream): All chunks are saved
[18May2022 20:39:01.025] [Server thread/INFO] [net.minecraft.world.server.ChunkManager/]: ThreadedAnvilChunkStorage (frost_world): All chunks are saved
[18May2022 20:39:01.025] [Server thread/INFO] [net.minecraft.world.server.ChunkManager/]: ThreadedAnvilChunkStorage (ground_lands): All chunks are saved
[18May2022 20:39:01.025] [Server thread/INFO] [net.minecraft.world.server.ChunkManager/]: ThreadedAnvilChunkStorage (mars): All chunks are saved
[18May2022 20:39:01.028] [Server thread/INFO] [net.minecraft.world.server.ChunkManager/]: ThreadedAnvilChunkStorage (mars_orbit): All chunks are saved
[18May2022 20:39:01.029] [Server thread/INFO] [net.minecraft.world.server.ChunkManager/]: ThreadedAnvilChunkStorage (mercury): All chunks are saved
[18May2022 20:39:01.030] [Server thread/INFO] [net.minecraft.world.server.ChunkManager/]: ThreadedAnvilChunkStorage (mercury_orbit): All chunks are saved
[18May2022 20:39:01.032] [Server thread/INFO] [net.minecraft.world.server.ChunkManager/]: ThreadedAnvilChunkStorage (moon): All chunks are saved
[18May2022 20:39:01.033] [Server thread/INFO] [net.minecraft.world.server.ChunkManager/]: ThreadedAnvilChunkStorage (moon_orbit): All chunks are saved
[18May2022 20:39:01.033] [Server thread/INFO] [net.minecraft.world.server.ChunkManager/]: ThreadedAnvilChunkStorage (overworld_orbit): All chunks are saved
[18May2022 20:39:01.033] [Server thread/INFO] [net.minecraft.world.server.ChunkManager/]: ThreadedAnvilChunkStorage (pocket_dimension): All chunks are saved
[18May2022 20:39:01.034] [Server thread/INFO] [net.minecraft.world.server.ChunkManager/]: ThreadedAnvilChunkStorage (radio): All chunks are saved
[18May2022 20:39:01.058] [Server thread/INFO] [net.minecraft.world.server.ChunkManager/]: ThreadedAnvilChunkStorage (the_abyss): All chunks are saved
[18May2022 20:39:01.076] [Server thread/INFO] [net.minecraft.world.server.ChunkManager/]: ThreadedAnvilChunkStorage (venus): All chunks are saved
[18May2022 20:39:01.077] [Server thread/INFO] [net.minecraft.world.server.ChunkManager/]: ThreadedAnvilChunkStorage (venus_orbit): All chunks are saved
[18May2022 20:39:01.112] [Thread-0/ERROR] [net.minecraftforge.fml.javafmlmod.FMLModContainer/]: Exception caught during firing event: Cannot set config value without assigned Config object present
	Index: 1
	Listeners:
		0: NORMAL
		1: net.minecraftforge.eventbus.EventBus$$Lambda$2836/0x0000000800b75840@22b46be7
java.lang.NullPointerException: Cannot set config value without assigned Config object present
	at com.google.common.base.Preconditions.checkNotNull(Preconditions.java:787)
	at net.minecraftforge.common.ForgeConfigSpec$ConfigValue.set(ForgeConfigSpec.java:854)
	at me.ichun.mods.ichunutil.common.config.ConfigBase$ValueWrapper.save(ConfigBase.java:453)
	at me.ichun.mods.ichunutil.common.config.ConfigBase$ValueWrapper.access$100(ConfigBase.java:409)
	at me.ichun.mods.ichunutil.common.config.ConfigBase.save(ConfigBase.java:384)
	at me.ichun.mods.hats.common.config.ConfigServer.onConfigLoaded(ConfigServer.java:113)
	at me.ichun.mods.ichunutil.common.config.ConfigBase.onConfigReload(ConfigBase.java:349)
	at net.minecraftforge.eventbus.EventBus.doCastFilter(EventBus.java:247)
	at net.minecraftforge.eventbus.EventBus.lambda$addListener$11(EventBus.java:239)
	at net.minecraftforge.eventbus.EventBus.post(EventBus.java:302)
	at net.minecraftforge.eventbus.EventBus.post(EventBus.java:283)
	at net.minecraftforge.fml.ModContainer.lambda$dispatchConfigEvent$7(ModContainer.java:152)
	at java.base/java.util.Optional.ifPresent(Optional.java:183)
	at net.minecraftforge.fml.ModContainer.dispatchConfigEvent(ModContainer.java:152)
	at net.minecraftforge.fml.config.ModConfig.fireEvent(ModConfig.java:90)
	at net.minecraftforge.fml.config.ConfigFileTypeHandler$ConfigWatcher.run(ConfigFileTypeHandler.java:161)
	at com.electronwill.nightconfig.core.file.FileWatcher$WatcherThread.run(FileWatcher.java:181)

[18May2022 20:39:01.115] [Thread-0/INFO] [STDERR/]: [com.electronwill.nightconfig.core.file.FileWatcher$WatcherThread:run:183]: java.lang.NullPointerException: Cannot set config value without assigned Config object present
[18May2022 20:39:01.115] [Thread-0/INFO] [STDERR/]: [com.electronwill.nightconfig.core.file.FileWatcher$WatcherThread:run:183]: 	at com.google.common.base.Preconditions.checkNotNull(Preconditions.java:787)
[18May2022 20:39:01.115] [Thread-0/INFO] [STDERR/]: [com.electronwill.nightconfig.core.file.FileWatcher$WatcherThread:run:183]: 	at net.minecraftforge.common.ForgeConfigSpec$ConfigValue.set(ForgeConfigSpec.java:854)
[18May2022 20:39:01.115] [Thread-0/INFO] [STDERR/]: [com.electronwill.nightconfig.core.file.FileWatcher$WatcherThread:run:183]: 	at me.ichun.mods.ichunutil.common.config.ConfigBase$ValueWrapper.save(ConfigBase.java:453)
[18May2022 20:39:01.116] [Thread-0/INFO] [STDERR/]: [com.electronwill.nightconfig.core.file.FileWatcher$WatcherThread:run:183]: 	at me.ichun.mods.ichunutil.common.config.ConfigBase$ValueWrapper.access$100(ConfigBase.java:409)
[18May2022 20:39:01.116] [Thread-0/INFO] [STDERR/]: [com.electronwill.nightconfig.core.file.FileWatcher$WatcherThread:run:183]: 	at me.ichun.mods.ichunutil.common.config.ConfigBase.save(ConfigBase.java:384)
[18May2022 20:39:01.116] [Thread-0/INFO] [STDERR/]: [com.electronwill.nightconfig.core.file.FileWatcher$WatcherThread:run:183]: 	at me.ichun.mods.hats.common.config.ConfigServer.onConfigLoaded(ConfigServer.java:113)
[18May2022 20:39:01.116] [Thread-0/INFO] [STDERR/]: [com.electronwill.nightconfig.core.file.FileWatcher$WatcherThread:run:183]: 	at me.ichun.mods.ichunutil.common.config.ConfigBase.onConfigReload(ConfigBase.java:349)
[18May2022 20:39:01.117] [Thread-0/INFO] [STDERR/]: [com.electronwill.nightconfig.core.file.FileWatcher$WatcherThread:run:183]: 	at net.minecraftforge.eventbus.EventBus.doCastFilter(EventBus.java:247)
[18May2022 20:39:01.117] [Thread-0/INFO] [STDERR/]: [com.electronwill.nightconfig.core.file.FileWatcher$WatcherThread:run:183]: 	at net.minecraftforge.eventbus.EventBus.lambda$addListener$11(EventBus.java:239)
[18May2022 20:39:01.117] [Thread-0/INFO] [STDERR/]: [com.electronwill.nightconfig.core.file.FileWatcher$WatcherThread:run:183]: 	at net.minecraftforge.eventbus.EventBus.post(EventBus.java:302)
[18May2022 20:39:01.117] [Thread-0/INFO] [STDERR/]: [com.electronwill.nightconfig.core.file.FileWatcher$WatcherThread:run:183]: 	at net.minecraftforge.eventbus.EventBus.post(EventBus.java:283)
[18May2022 20:39:01.117] [Thread-0/INFO] [STDERR/]: [com.electronwill.nightconfig.core.file.FileWatcher$WatcherThread:run:183]: 	at net.minecraftforge.fml.ModContainer.lambda$dispatchConfigEvent$7(ModContainer.java:152)
[18May2022 20:39:01.118] [Thread-0/INFO] [STDERR/]: [com.electronwill.nightconfig.core.file.FileWatcher$WatcherThread:run:183]: 	at java.base/java.util.Optional.ifPresent(Optional.java:183)
[18May2022 20:39:01.118] [Thread-0/INFO] [STDERR/]: [com.electronwill.nightconfig.core.file.FileWatcher$WatcherThread:run:183]: 	at net.minecraftforge.fml.ModContainer.dispatchConfigEvent(ModContainer.java:152)
[18May2022 20:39:01.118] [Thread-0/INFO] [STDERR/]: [com.electronwill.nightconfig.core.file.FileWatcher$WatcherThread:run:183]: 	at net.minecraftforge.fml.config.ModConfig.fireEvent(ModConfig.java:90)
[18May2022 20:39:01.118] [Thread-0/INFO] [STDERR/]: [com.electronwill.nightconfig.core.file.FileWatcher$WatcherThread:run:183]: 	at net.minecraftforge.fml.config.ConfigFileTypeHandler$ConfigWatcher.run(ConfigFileTypeHandler.java:161)
[18May2022 20:39:01.118] [Thread-0/INFO] [STDERR/]: [com.electronwill.nightconfig.core.file.FileWatcher$WatcherThread:run:183]: 	at com.electronwill.nightconfig.core.file.FileWatcher$WatcherThread.run(FileWatcher.java:181)
